epoch,loss,val_loss
0,0.20969454944133759,0.15539763867855072
1,0.20504331588745117,0.15122205018997192
2,0.20107616484165192,0.14747363328933716
3,0.19547955691814423,0.14389283955097198
4,0.19033972918987274,0.14042839407920837
5,0.18874973058700562,0.1374845951795578
6,0.18378031253814697,0.13459695875644684
7,0.1806078851222992,0.13187329471111298
8,0.17732883989810944,0.12927713990211487
9,0.17413386702537537,0.12685206532478333
10,0.17100153863430023,0.1245165765285492
11,0.16862833499908447,0.12221608310937881
12,0.1646815985441208,0.12004353106021881
13,0.16237060725688934,0.11795058846473694
14,0.15992100536823273,0.11594770848751068
15,0.15687322616577148,0.11405536532402039
16,0.15515181422233582,0.1122681275010109
17,0.15224212408065796,0.11056426167488098
18,0.15055647492408752,0.10904406756162643
19,0.14797332882881165,0.10762283205986023
20,0.1469455361366272,0.10621912032365799
21,0.14575578272342682,0.104862742125988
22,0.1435452550649643,0.10358094424009323
23,0.14140434563159943,0.10231219232082367
24,0.14021047949790955,0.1010589525103569
25,0.13851436972618103,0.09992323070764542
26,0.13672058284282684,0.09891945123672485
27,0.13477692008018494,0.09794626384973526
28,0.13369987905025482,0.09701326489448547
29,0.13258826732635498,0.09611690789461136
30,0.13152284920215607,0.09525451064109802
31,0.13047783076763153,0.0944192111492157
32,0.1295827329158783,0.09362754225730896
33,0.12855388224124908,0.09286133944988251
34,0.12651731073856354,0.09212227165699005
35,0.12563228607177734,0.09141040593385696
36,0.12501975893974304,0.09072601050138474
37,0.12434874475002289,0.09011825919151306
38,0.12250577658414841,0.08944274485111237
39,0.12193913757801056,0.08888326585292816
40,0.12056442350149155,0.08834085613489151
41,0.12091507762670517,0.08781073242425919
42,0.11932773143053055,0.08711464703083038
43,0.11798073351383209,0.086601123213768
44,0.11848945915699005,0.08612735569477081
45,0.11709296703338623,0.08566676080226898
46,0.11632999032735825,0.08521530032157898
47,0.11566688865423203,0.08481014519929886
48,0.11464767903089523,0.08438360691070557
49,0.11399073898792267,0.08396840840578079
50,0.11353634297847748,0.08353593945503235
51,0.11245552450418472,0.08314980566501617
52,0.11118777841329575,0.08276347815990448
53,0.11119711399078369,0.08243001252412796
54,0.10979331284761429,0.08257193118333817
55,0.10943285375833511,0.08220476657152176
56,0.10813266038894653,0.0818285346031189
57,0.10867728292942047,0.08175359666347504
58,0.10703014582395554,0.08141651749610901
59,0.1074928343296051,0.08115039020776749
60,0.1059887558221817,0.08083410561084747
61,0.10547222942113876,0.08034565299749374
62,0.10502446442842484,0.07976508885622025
63,0.10494852811098099,0.07942849397659302
64,0.10418477654457092,0.07908416539430618
65,0.10331036150455475,0.07871516048908234
66,0.1028144434094429,0.07828289270401001
67,0.10194113850593567,0.07778928428888321
68,0.10171287506818771,0.07729283720254898
69,0.100429967045784,0.07683759182691574
70,0.10022356361150742,0.07648412138223648
71,0.09852459281682968,0.07608763128519058
72,0.09843818843364716,0.07573253661394119
73,0.0976414680480957,0.07537651062011719
74,0.09715970605611801,0.07502220571041107
75,0.09646923840045929,0.07467115670442581
76,0.09607696533203125,0.07426853477954865
77,0.09504321962594986,0.07392063736915588
78,0.09434285759925842,0.07355349510908127
79,0.09350598603487015,0.07317017018795013
80,0.09313145279884338,0.0732312723994255
81,0.09278614819049835,0.0728076845407486
82,0.09212225675582886,0.07236143946647644
83,0.09113600850105286,0.07191132754087448
84,0.09128745645284653,0.07146052271127701
85,0.09055939316749573,0.07100418955087662
86,0.0896531343460083,0.07051855325698853
87,0.08884663134813309,0.07007836550474167
88,0.08783385902643204,0.06969109177589417
89,0.08700085431337357,0.06930458545684814
90,0.08715658634901047,0.06887820363044739
91,0.08653975278139114,0.06838949024677277
92,0.08562511205673218,0.06782811135053635
93,0.08507020026445389,0.06720292568206787
94,0.08346401900053024,0.06660126149654388
95,0.08280202746391296,0.06592623889446259
96,0.082919180393219,0.06556596606969833
97,0.08122936636209488,0.06536216288805008
98,0.0805470272898674,0.06515568494796753
99,0.08029104024171829,0.06487631052732468
100,0.07968427985906601,0.0646490678191185
101,0.07937780022621155,0.0644686296582222
102,0.07854855060577393,0.06402630358934402
103,0.07885333150625229,0.0633620023727417
104,0.07790430635213852,0.06270353496074677
105,0.07719901204109192,0.06181721389293671
106,0.07630932331085205,0.061196375638246536
107,0.07636307924985886,0.06052349507808685
108,0.07511357218027115,0.06017354875802994
109,0.07468310743570328,0.05957181006669998
110,0.07413198798894882,0.059066928923130035
111,0.07385613024234772,0.058782972395420074
112,0.07438001036643982,0.05851355567574501
113,0.07319993525743484,0.05868668109178543
114,0.07310919463634491,0.058669235557317734
115,0.07314378768205643,0.05783141404390335
116,0.07198895514011383,0.05703451856970787
117,0.07227679342031479,0.056667618453502655
118,0.07125721871852875,0.05618767812848091
119,0.07090335339307785,0.05596635490655899
120,0.07002390176057816,0.05590527504682541
121,0.06999338418245316,0.05560043081641197
122,0.06967566907405853,0.05510871112346649
123,0.06886517256498337,0.054553158581256866
124,0.06871289759874344,0.05410996451973915
125,0.06846438348293304,0.05380593240261078
126,0.06782073527574539,0.053606536239385605
127,0.06731176376342773,0.05328096076846123
128,0.06657449901103973,0.05276942253112793
129,0.06644419580698013,0.05236915126442909
130,0.06656921654939651,0.052090615034103394
131,0.06604956835508347,0.0518236979842186
132,0.06534406542778015,0.05154140293598175
133,0.06464444100856781,0.05122755840420723
134,0.06521043926477432,0.050752460956573486
135,0.06432949751615524,0.05040121451020241
136,0.06406627595424652,0.05026401951909065
137,0.06437666714191437,0.05012701824307442
138,0.06333636492490768,0.050128400325775146
139,0.06307248771190643,0.04994732141494751
140,0.06256023049354553,0.049276866018772125
141,0.06143948435783386,0.0486874096095562
142,0.062094546854496,0.04835610091686249
143,0.061772193759679794,0.048230964690446854
144,0.06090673431754112,0.04849136620759964
145,0.06140243262052536,0.04798023775219917
146,0.06040270999073982,0.04710881784558296
147,0.0597689114511013,0.046806298196315765
148,0.05980923771858215,0.04673208296298981
149,0.05948159098625183,0.04655332863330841
150,0.05907240882515907,0.04630953446030617
151,0.05917065963149071,0.0460258312523365
152,0.05862361937761307,0.0457247793674469
153,0.05831165984272957,0.04570767283439636
154,0.057884130626916885,0.045582037419080734
155,0.05763478949666023,0.04565596953034401
156,0.05746898800134659,0.045431189239025116
157,0.05755666270852089,0.04507378488779068
158,0.0574173629283905,0.044850897043943405
159,0.05719011276960373,0.04467707499861717
160,0.056894700974226,0.04462907463312149
161,0.056712556630373,0.04450726881623268
162,0.056813910603523254,0.04430444911122322
163,0.0565282441675663,0.04413063824176788
164,0.05591293424367905,0.04407740756869316
165,0.05585038661956787,0.04420486465096474
166,0.05585239827632904,0.04400152713060379
167,0.05520610883831978,0.043772678822278976
168,0.05547812581062317,0.04353996366262436
169,0.05483602359890938,0.04335701838135719
170,0.05564611405134201,0.04322751984000206
171,0.05487607419490814,0.0431310273706913
172,0.05455551669001579,0.04305091127753258
173,0.05461889132857323,0.04294304922223091
174,0.054280560463666916,0.042784854769706726
175,0.053749553859233856,0.04263368621468544
176,0.05404675751924515,0.04248280078172684
177,0.053932126611471176,0.042344462126493454
178,0.053758133202791214,0.04219304025173187
179,0.05398383364081383,0.04239439591765404
180,0.053735051304101944,0.042127758264541626
181,0.05352795869112015,0.04197031632065773
182,0.053477831184864044,0.04216731712222099
183,0.05413035303354263,0.04385560378432274
184,0.055984850972890854,0.04586152359843254
185,0.05742150917649269,0.04794679954648018
186,0.058863770216703415,0.04989323765039444
187,0.06048478186130524,0.05129630118608475
188,0.060584504157304764,0.05158849060535431
189,0.06132769212126732,0.05141788721084595
190,0.06052546948194504,0.05113719776272774
191,0.060983046889305115,0.05096288025379181
192,0.06047149747610092,0.0503513477742672
193,0.05984765663743019,0.04958382621407509
194,0.0591939352452755,0.048924680799245834
195,0.05937826633453369,0.048369720578193665
196,0.058582767844200134,0.04783504083752632
197,0.05858350545167923,0.04729246720671654
198,0.058320485055446625,0.04679303616285324
199,0.058366745710372925,0.046397946774959564
200,0.05759581923484802,0.04627851024270058
201,0.05751380696892738,0.046043816953897476
202,0.05725321173667908,0.0457693375647068
203,0.05765768885612488,0.04558572173118591
204,0.057312265038490295,0.045504406094551086
205,0.05692524462938309,0.04545872285962105
206,0.05719790607690811,0.045383937656879425
207,0.05689006298780441,0.04519380256533623
208,0.05658460408449173,0.04495488107204437
209,0.056361764669418335,0.04470231011509895
210,0.05606107413768768,0.04446292668581009
211,0.05560819432139397,0.04424230754375458
212,0.055479761213064194,0.044286098331213
213,0.05558086931705475,0.04411523789167404
214,0.055083729326725006,0.043811626732349396
215,0.05473839119076729,0.043688107281923294
216,0.05440875515341759,0.043565962463617325
217,0.05381302535533905,0.04343867674469948
218,0.05422469228506088,0.043310098350048065
219,0.05396980792284012,0.04319685697555542
220,0.05391322076320648,0.04309738427400589
221,0.05364193022251129,0.043010007590055466
222,0.05430510267615318,0.04294076934456825
223,0.05361121892929077,0.04287399351596832
224,0.05283895879983902,0.042792465537786484
225,0.05352664366364479,0.04268895462155342
226,0.05285422131419182,0.04256574064493179
227,0.05270030349493027,0.0424354262650013
228,0.05305527150630951,0.042305972427129745
229,0.05275527387857437,0.04219020903110504
230,0.05264092609286308,0.042085036635398865
231,0.052395258098840714,0.041989728808403015
232,0.05231069400906563,0.041894037276506424
233,0.0521666593849659,0.0418114960193634
234,0.05254112929105759,0.04173272103071213
235,0.05253539979457855,0.04165150225162506
236,0.05163935571908951,0.04156186059117317
237,0.052140772342681885,0.04146313667297363
238,0.05171263590455055,0.041361499577760696
239,0.05161511152982712,0.041268009692430496
240,0.05158653110265732,0.04145795479416847
241,0.052360840141773224,0.041436485946178436
242,0.052115511149168015,0.041530195623636246
243,0.05163317546248436,0.041629888117313385
244,0.05156779661774635,0.041391387581825256
245,0.05165480822324753,0.04157910868525505
246,0.05144457146525383,0.041549764573574066
247,0.051771603524684906,0.041496992111206055
248,0.051458440721035004,0.041422899812459946
249,0.051361240446567535,0.041335057467222214
250,0.05101902410387993,0.041249413043260574
251,0.05114813894033432,0.04116708040237427
252,0.05096442624926567,0.041075777262449265
253,0.05078285560011864,0.04097858443856239
254,0.0513714961707592,0.040876604616642
255,0.05098813399672508,0.04078061133623123
256,0.051076747477054596,0.040696803480386734
257,0.050406258553266525,0.04036923870444298
258,0.05078704655170441,0.04031495377421379
259,0.05044948309659958,0.040279265493154526
260,0.05105267092585564,0.040254347026348114
261,0.05068149417638779,0.040224675089120865
262,0.05077914521098137,0.04018968343734741
263,0.050689004361629486,0.04014069214463234
264,0.05047805607318878,0.04007172957062721
265,0.05028028041124344,0.04025893285870552
266,0.05016953498125076,0.040174245834350586
267,0.05005929246544838,0.04013315215706825
268,0.050278715789318085,0.04010147973895073
269,0.05003081634640694,0.040056344121694565
270,0.050299905240535736,0.039996903389692307
271,0.04981999099254608,0.03991800174117088
272,0.04998117312788963,0.040093306452035904
273,0.05014148727059364,0.03996890038251877
274,0.049876727163791656,0.03989432379603386
275,0.04987210035324097,0.03984122723340988
276,0.04967227205634117,0.03980502858757973
277,0.05014517530798912,0.03978371247649193
278,0.04965214431285858,0.039768025279045105
279,0.0497899204492569,0.03973981738090515
280,0.04965899884700775,0.039693284779787064
281,0.04960588738322258,0.039644211530685425
282,0.04945872351527214,0.039589039981365204
283,0.04957747086882591,0.0396033450961113
284,0.04908933863043785,0.03910079970955849
285,0.04937709867954254,0.039065565913915634
286,0.04963779076933861,0.039044495671987534
287,0.04925213381648064,0.03901846334338188
288,0.04964447766542435,0.03898458555340767
289,0.049249742180109024,0.038945768028497696
290,0.04935057833790779,0.038906633853912354
291,0.049162186682224274,0.038860972970724106
292,0.04921917989850044,0.0390365868806839
293,0.04890765622258186,0.038998354226350784
294,0.048894334584474564,0.038979072123765945
295,0.04887259379029274,0.03890208899974823
296,0.04914003983139992,0.038874875754117966
297,0.048823803663253784,0.03883687034249306
298,0.04897185415029526,0.03879638761281967
299,0.04900527372956276,0.038760747760534286
300,0.048799268901348114,0.03872593119740486
301,0.04857075214385986,0.03868735954165459
302,0.048662446439266205,0.03864649683237076
303,0.04868261143565178,0.03859853371977806
304,0.0482843853533268,0.03853894770145416
305,0.04847375676035881,0.03847522661089897
306,0.04870397597551346,0.038404565304517746
307,0.04839441180229187,0.03835314139723778
308,0.04847909137606621,0.03840344771742821
309,0.048725880682468414,0.038374945521354675
310,0.04811966419219971,0.03835487365722656
311,0.04838612675666809,0.03834204003214836
312,0.048203498125076294,0.038314227014780045
313,0.04850737378001213,0.03847923502326012
314,0.048172567039728165,0.038414377719163895
315,0.04805859923362732,0.03834199905395508
316,0.04824216663837433,0.03827578201889992
317,0.04814319312572479,0.03821955621242523
318,0.04802548885345459,0.03798076510429382
319,0.048183929175138474,0.037936221808195114
320,0.04761824756860733,0.03789418563246727
321,0.04781955108046532,0.037846002727746964
322,0.04788016527891159,0.0377887599170208
323,0.0477091409265995,0.03772358596324921
324,0.047933030873537064,0.03766454756259918
325,0.047658391296863556,0.03761346638202667
326,0.047437675297260284,0.03757856786251068
327,0.04770196974277496,0.03754420951008797
328,0.04750975966453552,0.037515681236982346
329,0.04762938991189003,0.03749619424343109
330,0.04740256443619728,0.0374760776758194
331,0.047587405890226364,0.037459950894117355
332,0.04735253006219864,0.03744005039334297
333,0.04775116592645645,0.037414468824863434
334,0.04728802293539047,0.03738274797797203
335,0.04736960679292679,0.03734878450632095
336,0.04714498296380043,0.03730690851807594
337,0.04693799093365669,0.03718157485127449
338,0.046985089778900146,0.03713895380496979
339,0.04696979001164436,0.03709835931658745
340,0.0473482720553875,0.037058211863040924
341,0.04690206050872803,0.037010595202445984
342,0.04717862978577614,0.036958977580070496
343,0.04659545421600342,0.0369003564119339
344,0.046306200325489044,0.03684056177735329
345,0.046970073133707047,0.03678933531045914
346,0.04666151478886604,0.03674733266234398
347,0.04648056626319885,0.03669939562678337
348,0.04650457575917244,0.036655690521001816
349,0.04657762870192528,0.0366225466132164
350,0.04653540253639221,0.036583807319402695
351,0.04645802825689316,0.03654204308986664
352,0.046682897955179214,0.036501459777355194
353,0.04614455625414848,0.036458488553762436
354,0.04626275971531868,0.03641996160149574
355,0.04631344601511955,0.036383017897605896
356,0.04614103585481644,0.03634828329086304
357,0.04655341058969498,0.03631218522787094
358,0.04614562168717384,0.03626572713255882
359,0.046017348766326904,0.03621326759457588
360,0.04619161784648895,0.036155737936496735
361,0.04595009610056877,0.03609609231352806
362,0.045934244990348816,0.036045875400304794
363,0.04611777886748314,0.036132052540779114
364,0.046723589301109314,0.036094143986701965
365,0.04565330594778061,0.03605317696928978
366,0.04557468369603157,0.03601865842938423
367,0.04559590294957161,0.03598355874419212
368,0.045601364225149155,0.03594342619180679
369,0.04596284031867981,0.03589958697557449
370,0.045768413692712784,0.03585305064916611
371,0.0455084890127182,0.03580653294920921
372,0.04584785923361778,0.035763904452323914
373,0.04539040848612785,0.03571346029639244
374,0.045531027019023895,0.035666435956954956
375,0.04543154314160347,0.035611290484666824
376,0.045796994119882584,0.035560254007577896
377,0.04545047506690025,0.035519618541002274
378,0.045334815979003906,0.03547241911292076
379,0.04556581377983093,0.0354338102042675
380,0.04511745274066925,0.035396452993154526
381,0.0453554205596447,0.03535876050591469
382,0.04545006901025772,0.03532073274254799
383,0.04514510929584503,0.03527861088514328
384,0.04514375329017639,0.03524572402238846
385,0.04491305723786354,0.03522832691669464
386,0.04517064988613129,0.03520119935274124
387,0.0449877493083477,0.03517519310116768
388,0.044522155076265335,0.03513640537858009
389,0.045109111815690994,0.03508100286126137
390,0.044960685074329376,0.0350140817463398
391,0.04490044713020325,0.0349566675722599
392,0.045110758394002914,0.034904591739177704
393,0.04490501433610916,0.03486597165465355
394,0.044810838997364044,0.03483443334698677
395,0.04491495341062546,0.03480338305234909
396,0.044640280306339264,0.0347716324031353
397,0.04499487206339836,0.03472588583827019
398,0.0447169728577137,0.034675609320402145
399,0.044789254665374756,0.03461528196930885
400,0.044064197689294815,0.034561801701784134
401,0.04454324394464493,0.034518104046583176
402,0.044467389583587646,0.03448592126369476
403,0.04415353015065193,0.03445764258503914
404,0.044011153280735016,0.034421466290950775
405,0.04426679387688637,0.03437153622508049
406,0.04405504837632179,0.03430541604757309
407,0.044347070157527924,0.03428534418344498
408,0.04427901282906532,0.03422337397933006
409,0.0444813147187233,0.034164100885391235
410,0.04411604627966881,0.03411201760172844
411,0.044037818908691406,0.03406831994652748
412,0.044322799891233444,0.03403240442276001
413,0.044010985642671585,0.03398565202951431
414,0.04418023303151131,0.03392708674073219
415,0.04410137981176376,0.03387703001499176
416,0.044202663004398346,0.033851802349090576
417,0.04411134123802185,0.033830687403678894
418,0.044046420603990555,0.03381329029798508
419,0.044104062020778656,0.033796727657318115
420,0.04364025220274925,0.03376726061105728
421,0.043587591499090195,0.03369991108775139
422,0.04346495866775513,0.03360290452837944
423,0.043818533420562744,0.03351447731256485
424,0.04379667714238167,0.03343730419874191
425,0.043809279799461365,0.03337305039167404
426,0.043555520474910736,0.03333266079425812
427,0.04370494186878204,0.0333070382475853
428,0.04353367164731026,0.03327642008662224
429,0.04330531507730484,0.03323497250676155
430,0.04358760640025139,0.03318590670824051
431,0.04362637549638748,0.033139538019895554
432,0.04312967509031296,0.03308608755469322
433,0.043193887919187546,0.03302531689405441
434,0.04362516105175018,0.03295854851603508
435,0.04304380714893341,0.03289976716041565
436,0.04318311810493469,0.03284243866801262
437,0.042740702629089355,0.03290974721312523
438,0.04308513179421425,0.03288041800260544
439,0.04295269772410393,0.03284379094839096
440,0.043138861656188965,0.032814059406518936
441,0.043030623346567154,0.032788973301649094
442,0.04271139204502106,0.03276810795068741
443,0.042808033525943756,0.03273777663707733
444,0.04288468509912491,0.032713428139686584
445,0.04275535047054291,0.03268125653266907
446,0.042684927582740784,0.03265748172998428
447,0.04281819611787796,0.03263825550675392
448,0.04268373176455498,0.03262491524219513
449,0.042894307523965836,0.03260880336165428
450,0.04289911314845085,0.03258993849158287
451,0.042542073875665665,0.032557543367147446
452,0.04285097494721413,0.032507993280887604
453,0.04273165017366409,0.032439276576042175
454,0.042438212782144547,0.0320531390607357
455,0.042434606701135635,0.03195802867412567
456,0.04213722050189972,0.03189029544591904
457,0.04240312799811363,0.03183392807841301
458,0.04241807013750076,0.031798284500837326
459,0.04258159175515175,0.03178204596042633
460,0.04241768270730972,0.03175317123532295
461,0.04252041503787041,0.03194079175591469
462,0.04270652309060097,0.03205988556146622
463,0.04274117574095726,0.03218696638941765
464,0.042409151792526245,0.032579950988292694
465,0.04215191304683685,0.03272772580385208
466,0.042338959872722626,0.032863885164260864
467,0.042509324848651886,0.03288298472762108
468,0.04238816350698471,0.03285416215658188
469,0.042273543775081635,0.032774876803159714
470,0.0427878201007843,0.032621998339891434
471,0.042474716901779175,0.03254639729857445
472,0.04200894013047218,0.032357171177864075
473,0.042435210198163986,0.032211486250162125
474,0.04208146780729294,0.03208455443382263
475,0.0419059656560421,0.0319608636200428
476,0.041931286454200745,0.031633760780096054
477,0.04174118861556053,0.031481001526117325
478,0.041997916996479034,0.031408995389938354
479,0.041913267225027084,0.03139829635620117
480,0.042267970740795135,0.03143709525465965
481,0.041936907917261124,0.03149324283003807
482,0.04179058223962784,0.03154170513153076
483,0.04151448234915733,0.03157048672437668
484,0.041772689670324326,0.03157920390367508
485,0.041771408170461655,0.03148213028907776
486,0.04141829535365105,0.031335167586803436
487,0.04167405143380165,0.031213650479912758
488,0.04175090789794922,0.031134555116295815
489,0.04118838533759117,0.031105417758226395
490,0.041501518338918686,0.03109699860215187
491,0.04143831506371498,0.03111819364130497
492,0.04125933349132538,0.031158652156591415
493,0.04122879356145859,0.03122161515057087
494,0.04129854589700699,0.03127465024590492
495,0.04148734360933304,0.03129485249519348
496,0.0413777194917202,0.03129120543599129
497,0.04134128987789154,0.03124011494219303
498,0.04122995212674141,0.03115740790963173
499,0.041126471012830734,0.03105762042105198
500,0.04129280149936676,0.030963508412241936
501,0.04119831696152687,0.031079702079296112
502,0.040767740458250046,0.031410880386829376
503,0.041575927287340164,0.031413670629262924
504,0.04133439436554909,0.03134515881538391
505,0.04118021950125694,0.03122549317777157
506,0.041033390909433365,0.030796224251389503
507,0.04080182686448097,0.030621416866779327
508,0.04078979045152664,0.030488675460219383
509,0.040951620787382126,0.03043966181576252
510,0.04071393981575966,0.03061547689139843
511,0.04129821062088013,0.030662938952445984
512,0.04085824266076088,0.030828379094600677
513,0.04054563492536545,0.030859285965561867
514,0.040471263229846954,0.03085300698876381
515,0.040614865720272064,0.03078569285571575
516,0.0409783273935318,0.030702728778123856
517,0.04063452035188675,0.03062836080789566
518,0.04054442048072815,0.030561324208974838
519,0.041088204830884933,0.030484093353152275
520,0.04068886861205101,0.030452070757746696
521,0.040717579424381256,0.030497347936034203
522,0.04069513455033302,0.030559344217181206
523,0.04095222055912018,0.030610674992203712
524,0.040565550327301025,0.0306880883872509
525,0.040456537157297134,0.030935540795326233
526,0.040464673191308975,0.030719803646206856
527,0.04107901453971863,0.030600404366850853
528,0.04069962352514267,0.03051876090466976
529,0.040353890508413315,0.0304680448025465
530,0.040070127695798874,0.030418459326028824
531,0.04020712524652481,0.03036353550851345
532,0.04027385637164116,0.030314939096570015
533,0.04014046862721443,0.030280767008662224
534,0.04018757492303848,0.030266420915722847
535,0.040193382650613785,0.03025912120938301
536,0.040190938860177994,0.030241569504141808
537,0.04042573645710945,0.030210768803954124
538,0.04048389941453934,0.030167987570166588
539,0.040220413357019424,0.03013020195066929
540,0.04007168859243393,0.030114207416772842
541,0.03998831659555435,0.03010895475745201
542,0.040261924266815186,0.030101289972662926
543,0.040104400366544724,0.03008684143424034
544,0.03992225602269173,0.030080243945121765
545,0.040083274245262146,0.03008894808590412
546,0.04012797400355339,0.0300992913544178
547,0.04017336294054985,0.03010578081011772
548,0.03992486372590065,0.03007802739739418
549,0.040226392447948456,0.030053842812776566
550,0.03987731784582138,0.03005491942167282
551,0.04041317105293274,0.030040904879570007
552,0.040797531604766846,0.030013224110007286
553,0.04036247730255127,0.02998119778931141
554,0.0400143601000309,0.029958825558423996
555,0.04005831107497215,0.029951337724924088
556,0.04033644497394562,0.029989859089255333
557,0.040391817688941956,0.02999591827392578
558,0.04035045951604843,0.029950106516480446
559,0.04006018489599228,0.02968192845582962
560,0.04002869874238968,0.02954958938062191
561,0.03982223570346832,0.02949797920882702
562,0.03997557610273361,0.029575897380709648
563,0.039992451667785645,0.02977512590587139
564,0.039892785251140594,0.030020134523510933
565,0.03924242779612541,0.03023357316851616
566,0.03971611708402634,0.03041786141693592
567,0.03988993912935257,0.030351176857948303
568,0.03969821706414223,0.030186837539076805
569,0.0398900993168354,0.03003656305372715
570,0.03960578516125679,0.029928838834166527
571,0.039558302611112595,0.02988920919597149
572,0.03986639529466629,0.029915980994701385
573,0.03958466649055481,0.029978977516293526
574,0.039674025028944016,0.030054626986384392
575,0.039428383111953735,0.0301114059984684
576,0.03957712650299072,0.030121726915240288
577,0.039432063698768616,0.030067823827266693
578,0.03898661583662033,0.02996998094022274
579,0.03944960981607437,0.02987653762102127
580,0.03954502195119858,0.02985212579369545
581,0.039485085755586624,0.029828254133462906
582,0.03896211460232735,0.02981122024357319
583,0.03905773162841797,0.029794586822390556
584,0.03938247263431549,0.029766498133540154
585,0.03903532400727272,0.029734650626778603
586,0.03946109861135483,0.029589325189590454
587,0.039156824350357056,0.029318543151021004
588,0.03922165930271149,0.02932894602417946
589,0.03910087049007416,0.029346663504838943
590,0.0390031524002552,0.029373399913311005
591,0.03916521370410919,0.029256872832775116
592,0.03902851417660713,0.029161052778363228
593,0.039163749665021896,0.029107773676514626
594,0.03910376876592636,0.02913890965282917
595,0.038804978132247925,0.029264947399497032
596,0.03899281099438667,0.029584089294075966
597,0.03898526355624199,0.029612382873892784
598,0.03901116922497749,0.029602568596601486
599,0.039187297224998474,0.02923937328159809
600,0.038911763578653336,0.029178697615861893
601,0.03885618597269058,0.029155680909752846
602,0.03895123675465584,0.029147157445549965
603,0.03857375681400299,0.029131608083844185
604,0.03916236385703087,0.02911638841032982
605,0.03888968750834465,0.02910635992884636
606,0.039024852216243744,0.029144657775759697
607,0.03897572681307793,0.029184816405177116
608,0.038709912449121475,0.029210219159722328
609,0.038633108139038086,0.02916342206299305
610,0.03872901201248169,0.029094835743308067
611,0.03846016153693199,0.029060043394565582
612,0.03852690011262894,0.029043851420283318
613,0.03889373689889908,0.02905505709350109
614,0.038095567375421524,0.02910487726330757
615,0.03883368894457817,0.029290761798620224
616,0.038451023399829865,0.02932182140648365
617,0.03859546780586243,0.02925802394747734
618,0.03850220516324043,0.029049938544631004
619,0.03893468901515007,0.02929353155195713
620,0.038553498685359955,0.02930632047355175
621,0.03889118880033493,0.029291322454810143
622,0.038868121802806854,0.029275573790073395
623,0.038749467581510544,0.029222041368484497
624,0.03852231055498123,0.029175322502851486
625,0.03852411359548569,0.029155151918530464
626,0.03812488541007042,0.029169518500566483
627,0.03841729089617729,0.029180606827139854
628,0.03849856182932854,0.029175052419304848
629,0.03827914968132973,0.02915146015584469
630,0.03818405047059059,0.029139919206500053
631,0.03822329267859459,0.029133938252925873
632,0.03846284747123718,0.029113031923770905
633,0.03848685324192047,0.02907193824648857
634,0.03857984021306038,0.02905052714049816
635,0.03835210204124451,0.02903985232114792
636,0.03831777349114418,0.029066642746329308
637,0.03820639103651047,0.02904675342142582
638,0.03800741210579872,0.02877993695437908
639,0.03871192783117294,0.028730859979987144
640,0.03831852227449417,0.02884811908006668
641,0.03843238204717636,0.02902739681303501
642,0.038594987243413925,0.028922582045197487
643,0.03862433880567551,0.028794193640351295
644,0.03930509835481644,0.02922549843788147
645,0.04133347049355507,0.029260097071528435
646,0.041679494082927704,0.031020289286971092
647,0.04195376858115196,0.030090054497122765
648,0.042456790804862976,0.030560370534658432
649,0.041972897946834564,0.0320393368601799
650,0.04282817989587784,0.03220343962311745
651,0.04231765493750572,0.03175792470574379
652,0.042100366204977036,0.03066830337047577
653,0.040798552334308624,0.03054657019674778
654,0.040348608046770096,0.03007671609520912
655,0.04134150967001915,0.03059237450361252
656,0.04218045249581337,0.03028901293873787
657,0.04248419031500816,0.02971949428319931
658,0.041444115340709686,0.029314488172531128
659,0.04017532989382744,0.030386513099074364
660,0.03960380330681801,0.032008085399866104
661,0.04333490505814552,0.034167103469371796
662,0.046745236963033676,0.034348513931035995
663,0.04749305173754692,0.036584436893463135
664,0.04734865948557854,0.03484848514199257
665,0.04738589748740196,0.03367210924625397
666,0.046876195818185806,0.03677382320165634
667,0.04515080153942108,0.03762589395046234
668,0.04529140889644623,0.0382096953690052
669,0.05060514807701111,0.040983568876981735
670,0.051604755222797394,0.040974292904138565
671,0.05231819301843643,0.03588089346885681
672,0.04826430603861809,0.03826592490077019
673,0.052143704146146774,0.0394149012863636
674,0.05362646281719208,0.039401378482580185
675,0.05211354419589043,0.03866623342037201
676,0.04907466471195221,0.038742173463106155
677,0.04731335490942001,0.03986317664384842
678,0.04788835719227791,0.040292587131261826
679,0.048783302307128906,0.04053331911563873
680,0.050015889108181,0.03951334208250046
681,0.0500108078122139,0.03805333748459816
682,0.049112703651189804,0.03676196560263634
683,0.04793783649802208,0.03556317090988159
684,0.046366993337869644,0.03428765386343002
685,0.045326877385377884,0.03320985659956932
686,0.04436587542295456,0.03320609778165817
687,0.04444124177098274,0.03395593538880348
688,0.045114725828170776,0.035181473940610886
689,0.04514719173312187,0.035080455243587494
690,0.04514012858271599,0.034433893859386444
691,0.044480618089437485,0.034077830612659454
692,0.04420623928308487,0.03423576056957245
693,0.04433223977684975,0.04365972802042961
694,0.06112883239984512,0.054892100393772125
695,0.07005591690540314,0.06177174672484398
696,0.07516691088676453,0.06665047258138657
697,0.07982366532087326,0.06932801753282547
698,0.08309242129325867,0.07145896553993225
699,0.08564760535955429,0.07303501665592194
700,0.08631567656993866,0.07205846905708313
701,0.08641455322504044,0.07035080343484879
702,0.08431204408407211,0.06809750944375992
703,0.082475446164608,0.06629186123609543
704,0.08009600639343262,0.06440646946430206
705,0.07778444141149521,0.06290624290704727
706,0.0758010745048523,0.061642225831747055
707,0.07421834766864777,0.0607944130897522
708,0.07355562597513199,0.06028139218688011
709,0.07275741547346115,0.05983259156346321
710,0.07175812125205994,0.05947373807430267
711,0.07114627212285995,0.059168923646211624
712,0.07060331851243973,0.0589599646627903
713,0.0693114697933197,0.058423642069101334
714,0.06841610372066498,0.05776217207312584
715,0.0670250803232193,0.05708557739853859
716,0.06645913422107697,0.05639510601758957
717,0.06540902704000473,0.05533527955412865
718,0.06408749520778656,0.05451192334294319
719,0.0632605254650116,0.053632285445928574
720,0.06279967725276947,0.05288468673825264
721,0.06157243251800537,0.05290815979242325
722,0.06185724958777428,0.0532725565135479
723,0.06227435544133186,0.052653659135103226
724,0.06139145419001579,0.051687974482774734
725,0.060466837137937546,0.05100220814347267
726,0.05935804918408394,0.050631310790777206
727,0.058767568320035934,0.05038649961352348
728,0.05899541452527046,0.0501553937792778
729,0.05848401412367821,0.049883320927619934
730,0.058380402624607086,0.04954972863197327
731,0.058307670056819916,0.04915982857346535
732,0.05806424841284752,0.04873821139335632
733,0.05735107511281967,0.04832443222403526
734,0.05710852891206741,0.04796762764453888
735,0.05628379061818123,0.04771238937973976
736,0.05602415278553963,0.047555893659591675
737,0.05609484016895294,0.04746771231293678
738,0.05599673464894295,0.04735152795910835
739,0.05617930740118027,0.04714621976017952
740,0.055395904928445816,0.04685693606734276
741,0.055372487753629684,0.04653682932257652
742,0.054777175188064575,0.04623348265886307
743,0.05466199293732643,0.04597904533147812
744,0.054733119904994965,0.045765213668346405
745,0.05464471876621246,0.045580096542835236
746,0.0544344037771225,0.045408230274915695
747,0.054161187261343,0.04523897543549538
748,0.054017677903175354,0.04510563984513283
749,0.054102275520563126,0.04500516504049301
750,0.05361216515302658,0.04492715373635292
751,0.053450364619493484,0.04485611990094185
752,0.0535665899515152,0.04477166384458542
753,0.05318159982562065,0.04464779049158096
754,0.05305328220129013,0.044481102377176285
755,0.05315377563238144,0.044311363250017166
756,0.05298968404531479,0.044132016599178314
757,0.05290209501981735,0.043972454965114594
758,0.05265045911073685,0.04383488744497299
759,0.052525900304317474,0.04371468350291252
760,0.052334509789943695,0.0436067134141922
761,0.05290263146162033,0.04351082816720009
762,0.05245592072606087,0.043425627052783966
763,0.05203565955162048,0.043353356420993805
764,0.052178625017404556,0.043291013687849045
765,0.051771633327007294,0.043239038437604904
766,0.0520126074552536,0.043195296078920364
767,0.051748886704444885,0.04315013810992241
768,0.051694486290216446,0.04310062900185585
769,0.0517449788749218,0.043037112802267075
770,0.05126800760626793,0.04295709356665611
771,0.05172811821103096,0.04286079481244087
772,0.05188171565532684,0.04276403784751892
773,0.05153818428516388,0.042672403156757355
774,0.05124108865857124,0.04258712753653526
775,0.05146482214331627,0.042507853358983994
776,0.05110044777393341,0.042434465140104294
777,0.05119621753692627,0.0423675961792469
778,0.051263146102428436,0.04230738431215286
779,0.051338501274585724,0.04225091636180878
780,0.05086994916200638,0.042198218405246735
781,0.05082439258694649,0.04214168339967728
782,0.0513177290558815,0.04208309203386307
783,0.050697118043899536,0.04200388491153717
784,0.05115777999162674,0.04192834347486496
785,0.05057293549180031,0.04185768961906433
786,0.050967566668987274,0.041786447167396545
787,0.050851430743932724,0.041961003094911575
788,0.05053836479783058,0.04188437759876251
789,0.05036899819970131,0.041815370321273804
790,0.0506741926074028,0.041755154728889465
791,0.0501396618783474,0.041696947067976
792,0.050329308956861496,0.04163951426744461
793,0.05009647458791733,0.04158078879117966
794,0.05026523768901825,0.04152268171310425
795,0.05019107088446617,0.04146553575992584
796,0.050299737602472305,0.0414123460650444
797,0.050077613443136215,0.04135974869132042
798,0.049917273223400116,0.041314415633678436
799,0.050073668360710144,0.041271913796663284
800,0.049816593527793884,0.04123802110552788
801,0.05019751563668251,0.04120780900120735
802,0.05021265894174576,0.041182756423950195
803,0.049852125346660614,0.041160136461257935
804,0.049710072576999664,0.04113281890749931
805,0.049725670367479324,0.04111668840050697
806,0.04975828528404236,0.0408395417034626
807,0.049748409539461136,0.04080430790781975
808,0.049698974937200546,0.040765758603811264
809,0.04972495883703232,0.040723491460084915
810,0.04952284321188927,0.040678177028894424
811,0.04937618225812912,0.04063042998313904
812,0.04910042881965637,0.04058296978473663
813,0.049608439207077026,0.04053866118192673
814,0.04950699955224991,0.0404985174536705
815,0.04982534050941467,0.04045981541275978
816,0.04934980347752571,0.040423933416604996
817,0.04910929128527641,0.040395256131887436
818,0.049481816589832306,0.04037150368094444
819,0.04923484846949577,0.04036007076501846
820,0.049199365079402924,0.040337156504392624
821,0.049237847328186035,0.040310733020305634
822,0.04916383698582649,0.04028601571917534
823,0.04876537621021271,0.04025859758257866
824,0.04885272681713104,0.040227051824331284
825,0.04903564602136612,0.04019620642066002
826,0.04883941262960434,0.04016590490937233
827,0.049212727695703506,0.040141887962818146
828,0.04933019354939461,0.040120821446180344
829,0.048777025192976,0.040095701813697815
830,0.0492500402033329,0.04007020220160484
831,0.0488460473716259,0.04004139453172684
832,0.048726487904787064,0.04001469910144806
833,0.04891626536846161,0.039983417838811874
834,0.048901330679655075,0.03995107486844063
835,0.04872531443834305,0.0399179682135582
836,0.04843106120824814,0.03988267481327057
837,0.04881996661424637,0.03984835371375084
838,0.04881379380822182,0.039820846170186996
839,0.0483655221760273,0.03979586437344551
840,0.04899909347295761,0.039770592004060745
841,0.048918817192316055,0.03974789381027222
842,0.048259519040584564,0.03972310945391655
843,0.04879601672291756,0.03969778120517731
844,0.04861169680953026,0.03966911882162094
845,0.04857641085982323,0.03963935002684593
846,0.04846706986427307,0.03961024433374405
847,0.04828183725476265,0.03957914188504219
848,0.048381507396698,0.03954873979091644
849,0.048571906983852386,0.03952333331108093
850,0.048565421253442764,0.039697930216789246
851,0.04787754639983177,0.03965678811073303
852,0.0481443777680397,0.0396224670112133
853,0.04780831187963486,0.03959257900714874
854,0.04807203635573387,0.039562422782182693
855,0.04850385710597038,0.03953297808766365
856,0.047789935022592545,0.03950072452425957
857,0.048244208097457886,0.03947130963206291
858,0.04787773638963699,0.03944985568523407
859,0.047906387597322464,0.03942502290010452
860,0.04804743826389313,0.03940057009458542
861,0.047792185097932816,0.0393805205821991
862,0.047862179577350616,0.03936728462576866
863,0.047950804233551025,0.03935323655605316
864,0.04789058491587639,0.039339579641819
865,0.047875188291072845,0.03933959826827049
866,0.0479830801486969,0.03910483419895172
867,0.04816807433962822,0.039077889174222946
868,0.04771528020501137,0.039037153124809265
869,0.04795373976230621,0.03899737074971199
870,0.04776526615023613,0.038968078792095184
871,0.04808381572365761,0.038938913494348526
872,0.047682445496320724,0.03890803083777428
873,0.04759099707007408,0.038876041769981384
874,0.04771215841174126,0.038844309747219086
875,0.04729364439845085,0.03880985453724861
876,0.04748173803091049,0.03877502307295799
877,0.04768386855721474,0.038739532232284546
878,0.04783644154667854,0.038708169013261795
879,0.04752198979258537,0.03867695853114128
880,0.04756313934922218,0.03865068778395653
881,0.047932218760252,0.038627076894044876
882,0.04765491932630539,0.03860413283109665
883,0.04756547883152962,0.03858252614736557
884,0.04720744490623474,0.03856184706091881
885,0.047604434192180634,0.03853464126586914
886,0.04716312885284424,0.038502488285303116
887,0.047524746507406235,0.038464583456516266
888,0.04721485450863838,0.03842668980360031
889,0.0472736693918705,0.038386255502700806
890,0.04723247513175011,0.03834635764360428
891,0.047377705574035645,0.03831148147583008
892,0.04722430557012558,0.038282811641693115
893,0.04724147915840149,0.038258109241724014
894,0.047574497759342194,0.03823100030422211
895,0.047336649149656296,0.03820211440324783
896,0.047427549958229065,0.038172297179698944
897,0.04712817072868347,0.03814259171485901
898,0.047397978603839874,0.03811465948820114
899,0.04719825088977814,0.03808433562517166
900,0.047176018357276917,0.0380525104701519
901,0.04696691781282425,0.03802206367254257
902,0.047096945345401764,0.037989530712366104
903,0.04719487950205803,0.03794465959072113
904,0.04653402790427208,0.038072600960731506
905,0.04698893427848816,0.038031622767448425
906,0.046977072954177856,0.037994541227817535
907,0.04699092358350754,0.03796703740954399
908,0.046892933547496796,0.037940673530101776
909,0.04683154448866844,0.03791695088148117
910,0.04670548066496849,0.037893351167440414
911,0.04650421068072319,0.03787017986178398
912,0.04692695289850235,0.03784932196140289
913,0.04710220918059349,0.03782949969172478
914,0.04683410003781319,0.03780820220708847
915,0.046352989971637726,0.03778817504644394
916,0.04651553928852081,0.03777410462498665
917,0.04655734822154045,0.037764109671115875
918,0.046901896595954895,0.03775623068213463
919,0.04693714156746864,0.03778301924467087
920,0.046352218836545944,0.037771761417388916
921,0.04638605937361717,0.03781510517001152
922,0.04684169963002205,0.037793613970279694
923,0.04655354097485542,0.03777351230382919
924,0.046554211527109146,0.037760112434625626
925,0.046355608850717545,0.037740178406238556
926,0.04652741551399231,0.037721142172813416
927,0.046275436878204346,0.037705276161432266
928,0.04650716483592987,0.037688031792640686
929,0.04614412412047386,0.03766396641731262
930,0.04663296043872833,0.03764236718416214
931,0.04655107483267784,0.037619493901729584
932,0.04668566584587097,0.037597209215164185
933,0.0464787557721138,0.03757615014910698
934,0.04624258726835251,0.037549905478954315
935,0.04629859700798988,0.03752680495381355
936,0.04618653282523155,0.037500135600566864
937,0.0467260517179966,0.03747214376926422
938,0.04647549241781235,0.037406615912914276
939,0.04612061753869057,0.03737431392073631
940,0.04656623303890228,0.03735388070344925
941,0.046017326414585114,0.03717181086540222
942,0.04627605527639389,0.037131115794181824
943,0.04619298875331879,0.0371093787252903
944,0.04553866758942604,0.037082135677337646
945,0.04593439772725105,0.03705808147788048
946,0.046155110001564026,0.03703195974230766
947,0.045954834669828415,0.03700415790081024
948,0.04577651992440224,0.03697233647108078
949,0.04563012346625328,0.03693684935569763
950,0.045721590518951416,0.03689734637737274
951,0.04579395055770874,0.03685446456074715
952,0.04582634195685387,0.03680991753935814
953,0.04596562683582306,0.03671189397573471
954,0.04562157765030861,0.03667471557855606
955,0.04586547613143921,0.036643508821725845
956,0.04573816806077957,0.0366184376180172
957,0.04596449434757233,0.036599818617105484
958,0.04583453759551048,0.03664995729923248
959,0.045756515115499496,0.03663182631134987
960,0.04572160542011261,0.03661058843135834
961,0.04531046003103256,0.036589715629816055
962,0.045635566115379333,0.03656965121626854
963,0.04584364593029022,0.036555610597133636
964,0.0459040068089962,0.03654422610998154
965,0.045607876032590866,0.03653137385845184
966,0.045565273612737656,0.036514539271593094
967,0.04555748030543327,0.0364912785589695
968,0.045483361929655075,0.036465439945459366
969,0.045530445873737335,0.03644084557890892
970,0.04536060243844986,0.03641432523727417
971,0.045413579791784286,0.03631453588604927
972,0.045364681631326675,0.03629368916153908
973,0.04553809016942978,0.03627214580774307
974,0.045393992215394974,0.036248330026865005
975,0.0455002561211586,0.03622354939579964
976,0.045230016112327576,0.03619500994682312
977,0.04513122886419296,0.03615959733724594
978,0.045515768229961395,0.03612225130200386
979,0.045170120894908905,0.03608747199177742
980,0.04528867453336716,0.03605227917432785
981,0.04561673849821091,0.036021407693624496
982,0.04574837535619736,0.03599737957119942
983,0.04534926638007164,0.03597709909081459
984,0.04518495127558708,0.035955216735601425
985,0.045270536094903946,0.03593089431524277
986,0.04532516002655029,0.03590697795152664
987,0.04498011991381645,0.03601330146193504
988,0.04510979354381561,0.03598367050290108
989,0.04522278159856796,0.035958483815193176
990,0.04503331333398819,0.03593845292925835
991,0.045010555535554886,0.035916637629270554
992,0.04476185142993927,0.035896070301532745
993,0.04515872895717621,0.035876329988241196
994,0.044933635741472244,0.035857658833265305
995,0.0447680689394474,0.03583868592977524
996,0.04497494921088219,0.03581475466489792
997,0.04496881365776062,0.03578654304146767
998,0.044755108654499054,0.035753581672906876
999,0.04468463361263275,0.03571757674217224
1000,0.04470953717827797,0.03568563237786293
1001,0.044868964701890945,0.035658061504364014
1002,0.04495386779308319,0.03562804311513901
1003,0.04448467865586281,0.0355977937579155
1004,0.04441116005182266,0.03556898608803749
1005,0.044469431042671204,0.03554100543260574
1006,0.0451408289372921,0.03551771119236946
1007,0.04489552229642868,0.035493914037942886
1008,0.044579412788152695,0.03546926751732826
1009,0.04470619931817055,0.03544431924819946
1010,0.044670261442661285,0.035420797765254974
1011,0.044457536190748215,0.03539936989545822
1012,0.04437923803925514,0.035373251885175705
1013,0.04455044865608215,0.035347405821084976
1014,0.04423099756240845,0.035317741334438324
1015,0.044518887996673584,0.03528491035103798
1016,0.044428642839193344,0.03524979203939438
1017,0.044326189905405045,0.03521391749382019
1018,0.043950118124485016,0.035178713500499725
1019,0.044437989592552185,0.03516612946987152
1020,0.04372105374932289,0.035056788474321365
1021,0.044557228684425354,0.03504681959748268
1022,0.04457075893878937,0.03502371907234192
1023,0.04466830566525459,0.03501315414905548
1024,0.044063616544008255,0.03498007357120514
1025,0.04439414292573929,0.03494703024625778
1026,0.044345173984766006,0.034916140139102936
1027,0.044073306024074554,0.03488678112626076
1028,0.04411303997039795,0.034859634935855865
1029,0.04365617781877518,0.03482834994792938
1030,0.04425723850727081,0.03480027616024017
1031,0.04379900172352791,0.03476604074239731
1032,0.04400385916233063,0.034727390855550766
1033,0.04401794448494911,0.0346895195543766
1034,0.04364032298326492,0.03464966639876366
1035,0.04381660372018814,0.03461546450853348
1036,0.043793659657239914,0.03459107503294945
1037,0.04380907490849495,0.03457314893603325
1038,0.04396763816475868,0.034559670835733414
1039,0.0436454713344574,0.034544020891189575
1040,0.04408564791083336,0.03452157974243164
1041,0.04338289424777031,0.03449639305472374
1042,0.04409865662455559,0.03447074070572853
1043,0.04343707859516144,0.03444210812449455
1044,0.043938491493463516,0.034411873668432236
1045,0.04371454939246178,0.03437868133187294
1046,0.04372173920273781,0.03434458374977112
1047,0.04374365508556366,0.03430707007646561
1048,0.043844934552907944,0.03427346423268318
1049,0.04342322051525116,0.034239333122968674
1050,0.04368351772427559,0.03420836478471756
1051,0.04359569028019905,0.03418045863509178
1052,0.04373221844434738,0.034155771136283875
1053,0.04323415458202362,0.03413251042366028
1054,0.043369777500629425,0.03410923108458519
1055,0.043248992413282394,0.034086085855960846
1056,0.04301508888602257,0.03405756503343582
1057,0.04361754655838013,0.034030403941869736
1058,0.04378627613186836,0.034005191177129745
1059,0.04342219978570938,0.0339864045381546
1060,0.04326141998171806,0.033966585993766785
1061,0.043369658291339874,0.033940959721803665
1062,0.043059371411800385,0.03391333296895027
1063,0.043032124638557434,0.03388058766722679
1064,0.04342120885848999,0.03384502977132797
1065,0.04313472658395767,0.0338108167052269
1066,0.04310930520296097,0.03378231078386307
1067,0.04301651567220688,0.03375520557165146
1068,0.04305606335401535,0.033730003982782364
1069,0.04307955130934715,0.033707380294799805
1070,0.04318876564502716,0.03368387743830681
1071,0.042694009840488434,0.03365810215473175
1072,0.042971666902303696,0.033625345677137375
1073,0.043163977563381195,0.0335952527821064
1074,0.042863551527261734,0.03356965631246567
1075,0.043086227029561996,0.033544380217790604
1076,0.042916711419820786,0.033517275005578995
1077,0.04277506470680237,0.03349768742918968
1078,0.04256941378116608,0.0334809273481369
1079,0.042614277452230453,0.03345842286944389
1080,0.04294329136610031,0.033433619886636734
1081,0.04319392144680023,0.033411163836717606
1082,0.04258667677640915,0.03338594362139702
1083,0.042778510600328445,0.03335350379347801
1084,0.04280168190598488,0.033319152891635895
1085,0.042648181319236755,0.0332849845290184
1086,0.04275961220264435,0.03328723832964897
1087,0.04274367541074753,0.03328007459640503
1088,0.042516645044088364,0.0332636795938015
1089,0.04261711984872818,0.03323527052998543
1090,0.04278896749019623,0.03319579362869263
1091,0.04270465672016144,0.0331488698720932
1092,0.04283018410205841,0.03309732303023338
1093,0.04298143833875656,0.03304506093263626
1094,0.04256226122379303,0.032995715737342834
1095,0.04240935668349266,0.03294951096177101
1096,0.04279561713337898,0.03290945291519165
1097,0.04242866858839989,0.032910048961639404
1098,0.042159490287303925,0.032912351191043854
1099,0.04214267060160637,0.03290797770023346
1100,0.04235575348138809,0.032891787588596344
1101,0.042083416134119034,0.03285714238882065
1102,0.0424434170126915,0.03281491994857788
1103,0.04243313521146774,0.03276289999485016
1104,0.042550720274448395,0.03271108865737915
1105,0.04219258576631546,0.032660793513059616
1106,0.04240614175796509,0.03261589631438255
1107,0.04229440912604332,0.03257839009165764
1108,0.042366981506347656,0.03254621848464012
1109,0.04223461076617241,0.0325145497918129
1110,0.042104896157979965,0.03249093517661095
1111,0.04226915165781975,0.03246938809752464
1112,0.04190581664443016,0.03244924172759056
1113,0.04219113290309906,0.03243064880371094
1114,0.04218078777194023,0.032413776963949203
1115,0.04204491153359413,0.03239540755748749
1116,0.04167696088552475,0.032375484704971313
1117,0.042004890739917755,0.032354649156332016
1118,0.04189540445804596,0.032330576330423355
1119,0.04185080528259277,0.03230908140540123
1120,0.04209357127547264,0.03228287771344185
1121,0.041999511420726776,0.03225947171449661
1122,0.042093243449926376,0.03223805129528046
1123,0.042148884385824203,0.032125379890203476
1124,0.041933950036764145,0.032067686319351196
1125,0.042039528489112854,0.03203171119093895
1126,0.042021360248327255,0.031998343765735626
1127,0.041833631694316864,0.031963445246219635
1128,0.04176084324717522,0.03193460777401924
1129,0.04173414781689644,0.03191782161593437
1130,0.04161151126027107,0.03197682276368141
1131,0.04152914881706238,0.031961433589458466
1132,0.041769374161958694,0.031944308429956436
1133,0.04177551344037056,0.03192466124892235
1134,0.04150686040520668,0.031897760927677155
1135,0.04201488196849823,0.03187666833400726
1136,0.04162322357296944,0.03185386210680008
1137,0.041992105543613434,0.03183339163661003
1138,0.041397374123334885,0.031809404492378235
1139,0.04157037287950516,0.03179600462317467
1140,0.04200734198093414,0.03177979215979576
1141,0.04163358733057976,0.0317554846405983
1142,0.04163968935608864,0.03172743320465088
1143,0.04141668602824211,0.03169459104537964
1144,0.041563209146261215,0.03165869787335396
1145,0.04110917076468468,0.03162224218249321
1146,0.04145162180066109,0.03160737454891205
1147,0.04132289066910744,0.031590722501277924
1148,0.04126778617501259,0.031559888273477554
1149,0.04124801605939865,0.03151993826031685
1150,0.04143737629055977,0.03147249296307564
1151,0.041102148592472076,0.03142962604761124
1152,0.041307445615530014,0.03139611706137657
1153,0.04143524169921875,0.03136422112584114
1154,0.04103507474064827,0.03133236989378929
1155,0.04124154523015022,0.03129439800977707
1156,0.04103858768939972,0.031256210058927536
1157,0.04095796123147011,0.032972536981105804
1158,0.04220202937722206,0.03474467620253563
1159,0.04393661394715309,0.03591200336813927
1160,0.044668227434158325,0.03666174039244652
1161,0.045067768543958664,0.03726838156580925
1162,0.04550357162952423,0.03765938803553581
1163,0.04574878513813019,0.037987157702445984
1164,0.04584529623389244,0.03815549984574318
1165,0.04562314227223396,0.03825913742184639
1166,0.04597039520740509,0.03831138834357262
1167,0.045747414231300354,0.03831826150417328
1168,0.04559947922825813,0.03828343376517296
1169,0.045773379504680634,0.03820255771279335
1170,0.045792628079652786,0.03798816725611687
1171,0.045835670083761215,0.037855736911296844
1172,0.0459006167948246,0.03771383687853813
1173,0.045808158814907074,0.03752177953720093
1174,0.045725610107183456,0.0373774990439415
1175,0.04534159228205681,0.03721301630139351
1176,0.045157741755247116,0.037024933844804764
1177,0.04492977261543274,0.03686933219432831
1178,0.044769223779439926,0.03685038909316063
1179,0.04459084942936897,0.03671679645776749
1180,0.04496351629495621,0.03660053014755249
1181,0.04467335715889931,0.03648102656006813
1182,0.04453594610095024,0.0364508330821991
1183,0.044831015169620514,0.03646281361579895
1184,0.04411865770816803,0.03641489893198013
1185,0.04430039972066879,0.0364842414855957
1186,0.04402078315615654,0.03649994730949402
1187,0.04443036764860153,0.03653461113572121
1188,0.04398588836193085,0.03648730367422104
1189,0.04421615973114967,0.03641711547970772
1190,0.04423218220472336,0.03626548871397972
1191,0.0436471551656723,0.03612883761525154
1192,0.043796196579933167,0.03593922033905983
1193,0.043675411492586136,0.03572168946266174
1194,0.04376578330993652,0.03548452630639076
1195,0.0436834990978241,0.03533012419939041
1196,0.04354146495461464,0.035083163529634476
1197,0.043278224766254425,0.03483603149652481
1198,0.043373554944992065,0.034615688025951385
1199,0.042539868503808975,0.034369174391031265
1200,0.043152302503585815,0.034130387008190155
1201,0.04274917021393776,0.033832259476184845
1202,0.04263807833194733,0.03361235558986664
1203,0.04255988821387291,0.033389221876859665
1204,0.042705100029706955,0.03314399719238281
1205,0.04221683740615845,0.032884467393159866
1206,0.042226217687129974,0.03263009712100029
1207,0.042184047400951385,0.03237483650445938
1208,0.04194025695323944,0.03213120251893997
1209,0.04195236787199974,0.03191787004470825
1210,0.041571423411369324,0.03174610435962677
1211,0.041671156883239746,0.03163765370845795
1212,0.04153335466980934,0.031552571803331375
1213,0.043114207684993744,0.03153444081544876
1214,0.0418153814971447,0.031510598957538605
1215,0.04125004634261131,0.031482815742492676
1216,0.04114652797579765,0.031456924974918365
1217,0.04100591316819191,0.03143109381198883
1218,0.04114384576678276,0.03140584006905556
1219,0.04157223552465439,0.03138722479343414
1220,0.04098385572433472,0.0313728041946888
1221,0.041125789284706116,0.031355828046798706
1222,0.04131891950964928,0.03133369982242584
1223,0.04089125618338585,0.03130723908543587
1224,0.0411643423140049,0.031272582709789276
1225,0.04104342311620712,0.031239431351423264
1226,0.04080891236662865,0.03120560199022293
1227,0.040617018938064575,0.031165892258286476
1228,0.04052313044667244,0.03112723119556904
1229,0.040785446763038635,0.031088052317500114
1230,0.04076426103711128,0.03105096146464348
1231,0.040614694356918335,0.03101854771375656
1232,0.04037277400493622,0.030992040410637856
1233,0.04059235751628876,0.030964454635977745
1234,0.04026766121387482,0.030937010422348976
1235,0.040484003722667694,0.030839702114462852
1236,0.04041803628206253,0.03083493933081627
1237,0.040590930730104446,0.030818816274404526
1238,0.040035102516412735,0.030796611681580544
1239,0.04002746567130089,0.0307670459151268
1240,0.04018082842230797,0.03072744980454445
1241,0.03976648673415184,0.030674181878566742
1242,0.0400434285402298,0.0306016206741333
1243,0.039759088307619095,0.030542653053998947
1244,0.039758775383234024,0.03048318438231945
1245,0.03998751938343048,0.030433673411607742
1246,0.04021488130092621,0.03036908619105816
1247,0.040096670389175415,0.030299367383122444
1248,0.03989788889884949,0.030229762196540833
1249,0.04002236947417259,0.030170783400535583
1250,0.04019893333315849,0.030132237821817398
1251,0.03981717303395271,0.03024742752313614
1252,0.03973383828997612,0.030195066705346107
1253,0.03958439454436302,0.030200790613889694
1254,0.039826832711696625,0.030199993401765823
1255,0.04011078551411629,0.030194763094186783
1256,0.03975306823849678,0.030172524973750114
1257,0.03979518264532089,0.030143236741423607
1258,0.03983867168426514,0.03009568713605404
1259,0.039305079728364944,0.030036229640245438
1260,0.03976937383413315,0.02996569499373436
1261,0.03960958868265152,0.029888825491070747
1262,0.039471451193094254,0.02980295941233635
1263,0.039504025131464005,0.02970893308520317
1264,0.04000008851289749,0.029622502624988556
1265,0.039564456790685654,0.029550477862358093
1266,0.03916998207569122,0.029494760558009148
1267,0.03939489275217056,0.029440535232424736
1268,0.039298515766859055,0.02937559224665165
1269,0.0390775091946125,0.029308995231986046
1270,0.03914058580994606,0.02924063615500927
1271,0.03887711092829704,0.02916957624256611
1272,0.03926897794008255,0.02909977361559868
1273,0.03900309279561043,0.02903560921549797
1274,0.0389251634478569,0.02897796407341957
1275,0.03936658054590225,0.028934204950928688
1276,0.039135366678237915,0.02890852279961109
1277,0.03893284499645233,0.028890335932374
1278,0.03913036733865738,0.028901387006044388
1279,0.03890238702297211,0.028910987079143524
1280,0.03905273973941803,0.028925081714987755
1281,0.0387420654296875,0.02893117256462574
1282,0.0391373485326767,0.02892766147851944
1283,0.03879523649811745,0.028913436457514763
1284,0.038687560707330704,0.02889031358063221
1285,0.0388059988617897,0.028858738020062447
1286,0.03898248076438904,0.028824785724282265
1287,0.03889882192015648,0.028795242309570312
1288,0.03862755373120308,0.02876570262014866
1289,0.038829635828733444,0.028726676478981972
1290,0.03865572810173035,0.028696084395051003
1291,0.03853090479969978,0.02880151756107807
1292,0.0386175811290741,0.02889269031584263
1293,0.03892228752374649,0.02898378297686577
1294,0.038483649492263794,0.029023585841059685
1295,0.03866037353873253,0.0290081724524498
1296,0.038823407143354416,0.028954891487956047
1297,0.038493767380714417,0.028880860656499863
1298,0.03860911726951599,0.028788456693291664
1299,0.03857611492276192,0.02868288941681385
1300,0.03862690553069115,0.02857125550508499
1301,0.03859454020857811,0.028462890535593033
1302,0.03860612213611603,0.02837926335632801
1303,0.03858043625950813,0.02831089310348034
1304,0.03834747150540352,0.028261451050639153
1305,0.03861368075013161,0.028227929025888443
1306,0.03872239589691162,0.028207307681441307
1307,0.03859967365860939,0.02820327877998352
1308,0.03850666061043739,0.028213875368237495
1309,0.038271669298410416,0.028233541175723076
1310,0.03856709599494934,0.028265582397580147
1311,0.03829723969101906,0.028301101177930832
1312,0.03824099525809288,0.028330069035291672
1313,0.03837300091981888,0.028346097096800804
1314,0.03863361105322838,0.02835351973772049
1315,0.03798872232437134,0.028343956917524338
1316,0.03806193545460701,0.028322666883468628
1317,0.038069948554039,0.028294609859585762
1318,0.03840872645378113,0.02826145477592945
1319,0.03822893649339676,0.02820565551519394
1320,0.03859465569257736,0.02815874293446541
1321,0.03798277676105499,0.028115926310420036
1322,0.038387689739465714,0.028090709820389748
1323,0.038330793380737305,0.028089918196201324
1324,0.03829897195100784,0.028092162683606148
1325,0.038167424499988556,0.02810567244887352
1326,0.03835730999708176,0.02811463177204132
1327,0.03771331161260605,0.028116542845964432
1328,0.03773988038301468,0.028102518990635872
1329,0.03813718631863594,0.028093989938497543
1330,0.03815264254808426,0.02807767130434513
1331,0.03841038793325424,0.028078841045498848
1332,0.03799343854188919,0.028063947334885597
1333,0.03800011798739433,0.028043372556567192
1334,0.038366347551345825,0.028016183525323868
1335,0.038215748965740204,0.028005704283714294
1336,0.03821852058172226,0.027979776263237
1337,0.03765727952122688,0.027954885736107826
1338,0.038250792771577835,0.027944572269916534
1339,0.038124095648527145,0.027945896610617638
1340,0.03783954307436943,0.02793886326253414
1341,0.03784225136041641,0.027922507375478745
1342,0.03787346929311752,0.02791450172662735
1343,0.0380467064678669,0.027922404929995537
1344,0.038139019161462784,0.027921339496970177
1345,0.038085728883743286,0.02790047600865364
1346,0.03784120827913284,0.027865633368492126
1347,0.037713441997766495,0.02782566286623478
1348,0.03767351806163788,0.02778024412691593
1349,0.03802107647061348,0.027732279151678085
1350,0.037724364548921585,0.028057774528861046
1351,0.038287680596113205,0.028468336910009384
1352,0.03838321939110756,0.028933977708220482
1353,0.03824301436543465,0.02936595119535923
1354,0.038599882274866104,0.029587922617793083
1355,0.0383339487016201,0.029749736189842224
1356,0.03842729702591896,0.029707198962569237
1357,0.038777440786361694,0.029667049646377563
1358,0.03855317458510399,0.029576532542705536
1359,0.03855793550610542,0.029458099976181984
1360,0.03833252564072609,0.029323376715183258
1361,0.038383543491363525,0.02918308414518833
1362,0.038471024483442307,0.029046770185232162
1363,0.038785818964242935,0.028908520936965942
1364,0.03844388574361801,0.02877877652645111
1365,0.03857538104057312,0.028686346486210823
1366,0.03859018161892891,0.028611501678824425
1367,0.038172297179698944,0.028607506304979324
1368,0.03860035538673401,0.028611809015274048
1369,0.03802700713276863,0.028623027727007866
1370,0.03825503960251808,0.02861521951854229
1371,0.03827465698122978,0.028595667332410812
1372,0.03846733644604683,0.028554463759064674
1373,0.038324445486068726,0.028471222147345543
1374,0.03839739039540291,0.028471611440181732
1375,0.038279615342617035,0.028427649289369583
1376,0.038222555071115494,0.028384476900100708
1377,0.03812886402010918,0.028343209996819496
1378,0.03765123710036278,0.028322044759988785
1379,0.03822929039597511,0.02828080765902996
1380,0.03823022171854973,0.028243238106369972
1381,0.03798018395900726,0.028268344700336456
1382,0.03801955282688141,0.02823471464216709
1383,0.038075339049100876,0.028199046850204468
1384,0.037777796387672424,0.02813144028186798
1385,0.038027990609407425,0.028029868379235268
1386,0.03816075995564461,0.02796843834221363
1387,0.03778110444545746,0.027849871665239334
1388,0.03803325071930885,0.02780298888683319
1389,0.037796977907419205,0.02776482328772545
1390,0.03789173439145088,0.02773301489651203
1391,0.03770144283771515,0.027736717835068703
1392,0.03770783543586731,0.02773476019501686
1393,0.037742979824543,0.027712402865290642
1394,0.03768011927604675,0.027757130563259125
1395,0.03750910237431526,0.027739722281694412
1396,0.03715319186449051,0.027717379853129387
1397,0.03779955580830574,0.027693042531609535
1398,0.03771817684173584,0.027664219960570335
1399,0.037802089005708694,0.02785666473209858
1400,0.0379393994808197,0.02807079255580902
1401,0.037762053310871124,0.028237666934728622
1402,0.03804325684905052,0.02830173633992672
1403,0.03810529038310051,0.028292903676629066
1404,0.03770429268479347,0.02826996147632599
1405,0.03753438964486122,0.028227126225829124
1406,0.03795034810900688,0.0281783826649189
1407,0.037542566657066345,0.02803942933678627
1408,0.037388142198324203,0.02792501077055931
1409,0.037863295525312424,0.027873029932379723
1410,0.037304844707250595,0.02768087014555931
1411,0.03761082515120506,0.027513884007930756
1412,0.03732774779200554,0.027370642870664597
1413,0.037424348294734955,0.027259884402155876
1414,0.03757179528474808,0.027202878147363663
1415,0.037557899951934814,0.027185145765542984
1416,0.03747637942433357,0.027223490178585052
1417,0.0376359187066555,0.027311958372592926
1418,0.03738323599100113,0.02748427353799343
1419,0.037202492356300354,0.027422292158007622
1420,0.037874992936849594,0.027527861297130585
1421,0.037392523139715195,0.02760065719485283
1422,0.03697989135980606,0.027622133493423462
1423,0.03736089915037155,0.02759789489209652
1424,0.03737105429172516,0.02754128724336624
1425,0.03751067817211151,0.02768757939338684
1426,0.037607550621032715,0.027488436549901962
1427,0.03697923198342323,0.027390602976083755
1428,0.03740191087126732,0.027312183752655983
1429,0.037285976111888885,0.027264311909675598
1430,0.03737706318497658,0.027228889986872673
1431,0.03720160201191902,0.027200674638152122
1432,0.037442032247781754,0.027183907106518745
1433,0.037308529019355774,0.027206260710954666
1434,0.036993358284235,0.027225008234381676
1435,0.03735785558819771,0.02724778652191162
1436,0.03712722659111023,0.02726302295923233
1437,0.037041302770376205,0.02726184017956257
1438,0.03731362894177437,0.027243569493293762
1439,0.03728340193629265,0.02724451944231987
1440,0.037127766758203506,0.027238138020038605
1441,0.03699361905455589,0.027225488796830177
1442,0.036973658949136734,0.02721369080245495
1443,0.03717663139104843,0.027198174968361855
1444,0.03698723390698433,0.027183430269360542
1445,0.037044744938611984,0.027179477736353874
1446,0.03733011707663536,0.027180904522538185
1447,0.03685040399432182,0.027159683406352997
1448,0.03704746440052986,0.02711082063615322
1449,0.03718273714184761,0.02704472839832306
1450,0.037017349153757095,0.026975117623806
1451,0.03720026835799217,0.026914145797491074
1452,0.03691055625677109,0.026890752837061882
1453,0.03671995922923088,0.026897123083472252
1454,0.03718012943863869,0.026943769305944443
1455,0.036906491965055466,0.02700026147067547
1456,0.03689924255013466,0.02705869823694229
1457,0.03664547950029373,0.027113934978842735
1458,0.03675965219736099,0.02714714966714382
1459,0.03720656409859657,0.027148999273777008
1460,0.03687788546085358,0.02711394801735878
1461,0.037201035767793655,0.027050934731960297
1462,0.03666160628199577,0.026979736983776093
1463,0.03684521093964577,0.026895055547356606
1464,0.037042226642370224,0.02685556747019291
1465,0.03686905652284622,0.026820043101906776
1466,0.03704284131526947,0.026798482984304428
1467,0.03705684840679169,0.02679387852549553
1468,0.03682335838675499,0.02680954709649086
1469,0.03684873878955841,0.02686227858066559
1470,0.03678509220480919,0.026885131374001503
1471,0.03701671212911606,0.026902152225375175
1472,0.03682582825422287,0.02690793387591839
1473,0.03686295449733734,0.02689792588353157
1474,0.03684785217046738,0.026885928586125374
1475,0.03676378354430199,0.02686823159456253
1476,0.03673933818936348,0.02686387486755848
1477,0.03682101145386696,0.026898952201008797
1478,0.03701559454202652,0.026936199516057968
1479,0.03665003553032875,0.026975415647029877
1480,0.036741890013217926,0.027005471289157867
1481,0.036952584981918335,0.02702103555202484
1482,0.03709437698125839,0.027014603838324547
1483,0.03685770928859711,0.026978956535458565
1484,0.036863088607788086,0.026920316740870476
1485,0.03656701743602753,0.0268409326672554
1486,0.03679594025015831,0.026760349050164223
1487,0.03685058653354645,0.026688987389206886
1488,0.03702780231833458,0.027477135881781578
1489,0.03682155907154083,0.027483688667416573
1490,0.0367167703807354,0.027502985671162605
1491,0.03645101189613342,0.027592478320002556
1492,0.03671255707740784,0.027693506330251694
1493,0.03685777634382248,0.02779129147529602
1494,0.03701363131403923,0.027855725958943367
1495,0.03658224269747734,0.02787608653306961
1496,0.03690192848443985,0.027853699401021004
1497,0.03662542998790741,0.02779778093099594
1498,0.036727387458086014,0.027717486023902893
1499,0.036719437688589096,0.027630515396595
1500,0.03691226243972778,0.027547800913453102
1501,0.03672139346599579,0.027479328215122223
1502,0.03646340221166611,0.027416614815592766
1503,0.036522604525089264,0.027366209775209427
1504,0.036666519939899445,0.02733610011637211
1505,0.03686024248600006,0.027326568961143494
1506,0.03667006269097328,0.027339821681380272
1507,0.036590177565813065,0.027363302186131477
1508,0.03651852905750275,0.027383118867874146
1509,0.03665728494524956,0.02739591896533966
1510,0.036561671644449234,0.027398141101002693
1511,0.036553312093019485,0.027392076328396797
1512,0.036615125834941864,0.02738039381802082
1513,0.03658358380198479,0.02737574279308319
1514,0.03650803864002228,0.02736305259168148
1515,0.0366491861641407,0.027362992987036705
1516,0.03641217574477196,0.027367273345589638
1517,0.03661781921982765,0.027369553223252296
1518,0.03669600561261177,0.027377471327781677
1519,0.0364447683095932,0.0273777823895216
1520,0.03632235527038574,0.027366366237401962
1521,0.03651838004589081,0.027356289327144623
1522,0.036175522953271866,0.027338998392224312
1523,0.03632383048534393,0.02730950526893139
1524,0.036390092223882675,0.02727527730166912
1525,0.036576222628355026,0.027249978855252266
1526,0.03636850044131279,0.027233222499489784
1527,0.03607887774705887,0.02720550075173378
1528,0.03650220111012459,0.027178829535841942
1529,0.03640050068497658,0.027181396260857582
1530,0.036482423543930054,0.02720949612557888
1531,0.03652403876185417,0.027244163677096367
1532,0.03643353655934334,0.027259865775704384
1533,0.03622116148471832,0.02727893367409706
1534,0.03639940917491913,0.027278875932097435
1535,0.03635212406516075,0.02727227658033371
1536,0.036416079849004745,0.02724248357117176
1537,0.03635317087173462,0.027215559035539627
1538,0.036100417375564575,0.027215007692575455
1539,0.036160536110401154,0.027208365499973297
1540,0.036471474915742874,0.02720138058066368
1541,0.03603300452232361,0.027187328785657883
1542,0.03630412742495537,0.02721906639635563
1543,0.03648022562265396,0.027276990935206413
1544,0.03637674078345299,0.027294715866446495
1545,0.036497801542282104,0.027296021580696106
1546,0.03632143884897232,0.027277745306491852
1547,0.036542292684316635,0.027233993634581566
1548,0.03612150251865387,0.027163805440068245
1549,0.03648284822702408,0.027087964117527008
1550,0.036262236535549164,0.027035290375351906
1551,0.036484990268945694,0.02699156478047371
1552,0.036476653069257736,0.02697864919900894
1553,0.036214981228113174,0.02696925774216652
1554,0.03629877790808678,0.02696160413324833
1555,0.03648151457309723,0.02695392817258835
1556,0.036140065640211105,0.026962487027049065
1557,0.036014623939991,0.026995642110705376
1558,0.0361160933971405,0.02702590823173523
1559,0.03612004965543747,0.027105094864964485
1560,0.036528460681438446,0.027151502668857574
1561,0.03656187653541565,0.027176572009921074
1562,0.036272719502449036,0.027272609993815422
1563,0.03636729717254639,0.027339503169059753
1564,0.03628906235098839,0.027346588671207428
1565,0.03637801110744476,0.02730509638786316
1566,0.03618655353784561,0.027214111760258675
1567,0.036633703857660294,0.02709139697253704
1568,0.03629903495311737,0.02696876786649227
1569,0.03601893037557602,0.0268582534044981
1570,0.036081843078136444,0.026814838871359825
1571,0.03606820106506348,0.026802251115441322
1572,0.03588452562689781,0.026818333193659782
1573,0.03595172241330147,0.026853805407881737
1574,0.03639230504631996,0.02688906528055668
1575,0.03627186268568039,0.02690933644771576
1576,0.03612300381064415,0.026905523613095284
1577,0.03611880913376808,0.02691352553665638
1578,0.03580320253968239,0.026893876492977142
1579,0.03604184091091156,0.026868173852562904
1580,0.03603331372141838,0.026852622628211975
1581,0.03649052605032921,0.026850290596485138
1582,0.03655140474438667,0.026856154203414917
1583,0.0363447405397892,0.026858264580368996
1584,0.03591007739305496,0.02685958333313465
1585,0.036182500422000885,0.026831060647964478
1586,0.035763222724199295,0.026807179674506187
1587,0.03618751838803291,0.02678869664669037
1588,0.03582925722002983,0.02677714265882969
1589,0.03614478185772896,0.0267668217420578
1590,0.03593086823821068,0.02675767056643963
1591,0.0358312651515007,0.02676921896636486
1592,0.036014486104249954,0.02678375318646431
1593,0.03610998019576073,0.02679607830941677
1594,0.03594581037759781,0.026807261630892754
1595,0.03573548048734665,0.026820046827197075
1596,0.0357787124812603,0.026837415993213654
1597,0.0356217622756958,0.026850711554288864
1598,0.03585358336567879,0.026859669014811516
1599,0.036137137562036514,0.026851259171962738
1600,0.03592630848288536,0.026833731681108475
1601,0.036304835230112076,0.026814602315425873
1602,0.03579450026154518,0.02679911069571972
1603,0.03591868281364441,0.02677580900490284
1604,0.03586452454328537,0.02675436995923519
1605,0.0357203409075737,0.02674635499715805
1606,0.035473622381687164,0.0267386045306921
1607,0.03601264953613281,0.02670128270983696
1608,0.0357307605445385,0.026670727878808975
1609,0.03576299548149109,0.02664671093225479
1610,0.03582257032394409,0.026645759120583534
1611,0.03590654581785202,0.02665589563548565
1612,0.03572672978043556,0.026684336364269257
1613,0.035749807953834534,0.02671865001320839
1614,0.03607973828911781,0.02674800716340542
1615,0.0358155257999897,0.026770442724227905
1616,0.035703565925359726,0.02677794173359871
1617,0.03575896471738815,0.026747429743409157
1618,0.03570413962006569,0.026730122044682503
1619,0.03599844500422478,0.026704225689172745
1620,0.03574084863066673,0.026674842461943626
1621,0.03605062887072563,0.02663498930633068
1622,0.03574535250663757,0.026608189567923546
1623,0.03566848859190941,0.026595205068588257
1624,0.03564714267849922,0.026591520756483078
1625,0.035629842430353165,0.0266049113124609
1626,0.035652317106723785,0.026624873280525208
1627,0.03529242053627968,0.026639442890882492
1628,0.03591938316822052,0.026647284626960754
1629,0.035716913640499115,0.026640189811587334
1630,0.03563099354505539,0.02661256119608879
1631,0.03583402931690216,0.026468448340892792
1632,0.03558577969670296,0.026491982862353325
1633,0.036203376948833466,0.026521380990743637
1634,0.036083515733480453,0.02655402384698391
1635,0.03603009507060051,0.026540398597717285
1636,0.03615143522620201,0.02658194676041603
1637,0.035900864750146866,0.0266258642077446
1638,0.03650923818349838,0.026657527312636375
1639,0.03576064109802246,0.027127599343657494
1640,0.036374833434820175,0.02779329940676689
1641,0.03667110949754715,0.02840900793671608
1642,0.03680688515305519,0.028794532641768456
1643,0.03678331896662712,0.02898813597857952
1644,0.03680865094065666,0.028984175994992256
1645,0.03687480092048645,0.02889375574886799
1646,0.036803800612688065,0.028888463973999023
1647,0.036669425666332245,0.028722569346427917
1648,0.036486901342868805,0.02854079194366932
1649,0.03649439290165901,0.028351569548249245
1650,0.03675379604101181,0.028172271326184273
1651,0.036783911287784576,0.028018800541758537
1652,0.03643449395895004,0.02789386175572872
1653,0.03671932965517044,0.02779281698167324
1654,0.036892395466566086,0.02771174907684326
1655,0.036570124328136444,0.027652371674776077
1656,0.03643489256501198,0.027594588696956635
1657,0.036261674016714096,0.02753063291311264
1658,0.036555636674165726,0.027480201795697212
1659,0.03669312968850136,0.027464695274829865
1660,0.0362093560397625,0.027481669560074806
1661,0.03615252301096916,0.027522681280970573
1662,0.03604227304458618,0.027547715231776237
1663,0.0361425057053566,0.027458928525447845
1664,0.03591825067996979,0.027491983026266098
1665,0.03615577891469002,0.027576478198170662
1666,0.03606058657169342,0.027642546221613884
1667,0.03620465472340584,0.02763698250055313
1668,0.03575987368822098,0.027581889182329178
1669,0.036294467747211456,0.027447424829006195
1670,0.03614114224910736,0.027294782921671867
1671,0.03606332093477249,0.02714809589087963
1672,0.03573131188750267,0.027062956243753433
1673,0.035730764269828796,0.02692997083067894
1674,0.035692621022462845,0.026840753853321075
1675,0.03563658893108368,0.026789195835590363
1676,0.03560696169734001,0.0267743282020092
1677,0.03565492853522301,0.02680024318397045
1678,0.035793084651231766,0.026816099882125854
1679,0.03602507710456848,0.026849891990423203
1680,0.035651806741952896,0.02684956230223179
1681,0.0359288714826107,0.02687937766313553
1682,0.03567344695329666,0.0269167497754097
1683,0.03544997796416283,0.026941271498799324
1684,0.03551619127392769,0.026948336511850357
1685,0.03530920669436455,0.027147186920046806
1686,0.03562748804688454,0.027355588972568512
1687,0.03638780489563942,0.027461569756269455
1688,0.03583366051316261,0.027480924502015114
1689,0.03603830933570862,0.027392525225877762
1690,0.03588580712676048,0.02724471315741539
1691,0.03587877377867699,0.02706807665526867
1692,0.03585965186357498,0.026894409209489822
1693,0.03568514436483383,0.026695188134908676
1694,0.03569092974066734,0.026561997830867767
1695,0.035460215061903,0.026483800262212753
1696,0.03580557182431221,0.026463616639375687
1697,0.035530414432287216,0.02644464187324047
1698,0.03562993183732033,0.02645414136350155
1699,0.03587977960705757,0.026442648842930794
1700,0.03556807339191437,0.02642432227730751
1701,0.035720691084861755,0.026446305215358734
1702,0.03533325344324112,0.026457594707608223
1703,0.03577585890889168,0.026509353891015053
1704,0.0355166532099247,0.026560967788100243
1705,0.035628605633974075,0.026607342064380646
1706,0.03580453246831894,0.027632322162389755
1707,0.03626735508441925,0.02880556881427765
1708,0.03660974279046059,0.0295329038053751
1709,0.03702038526535034,0.02998974174261093
1710,0.03760426118969917,0.0302205178886652
1711,0.03740694746375084,0.030346589162945747
1712,0.03769601508975029,0.030336938798427582
1713,0.037708673626184464,0.030262265354394913
1714,0.037606436759233475,0.03013181872665882
1715,0.03812091797590256,0.029981033876538277
1716,0.037718772888183594,0.03009735234081745
1717,0.03761240094900131,0.030142106115818024
1718,0.03781503811478615,0.03015594184398651
1719,0.0382266566157341,0.030047908425331116
1720,0.037911828607320786,0.029961081221699715
1721,0.03776385635137558,0.029861778020858765
1722,0.03793167695403099,0.02988075092434883
1723,0.037744782865047455,0.029824653640389442
1724,0.03830913454294205,0.029671024531126022
1725,0.03796231746673584,0.02940099872648716
1726,0.03790723532438278,0.02905750274658203
1727,0.037638310343027115,0.028717026114463806
1728,0.0376046746969223,0.028439050540328026
1729,0.03789115324616432,0.02824391797184944
1730,0.03761206567287445,0.028117544949054718
1731,0.03738565742969513,0.02804981917142868
1732,0.037398528307676315,0.028038373216986656
1733,0.037405647337436676,0.02807028777897358
1734,0.03705305606126785,0.028094785287976265
1735,0.036976296454668045,0.028143947944045067
1736,0.03696262091398239,0.028078369796276093
1737,0.036650266498327255,0.027943868190050125
1738,0.03701302409172058,0.027786463499069214
1739,0.03704551234841347,0.027638867497444153
1740,0.03666107729077339,0.02751198783516884
1741,0.03678257390856743,0.02742007188498974
1742,0.03674289211630821,0.027400711551308632
1743,0.036187946796417236,0.027380410581827164
1744,0.03653191030025482,0.02738044783473015
1745,0.03629647195339203,0.02739509381353855
1746,0.03598516061902046,0.027411792427301407
1747,0.036199793219566345,0.02742677368223667
1748,0.036517612636089325,0.02744436264038086
1749,0.036249153316020966,0.027440976351499557
1750,0.03613019734621048,0.027416814118623734
1751,0.0362364798784256,0.027382008731365204
1752,0.03576703742146492,0.027338402345776558
1753,0.03602217882871628,0.0272939782589674
1754,0.03620218485593796,0.0272461399435997
1755,0.03580033779144287,0.027202287688851357
1756,0.03598124906420708,0.02716120146214962
1757,0.03623121604323387,0.027127288281917572
1758,0.036114711314439774,0.027094081044197083
1759,0.03571377322077751,0.027053050696849823
1760,0.03616778552532196,0.02700403518974781
1761,0.03566448390483856,0.02691834233701229
1762,0.03588845953345299,0.026851339265704155
1763,0.03564845770597458,0.026781432330608368
1764,0.03548860922455788,0.026726355776190758
1765,0.035907600075006485,0.026698535308241844
1766,0.03561384975910187,0.026664050295948982
1767,0.03548460081219673,0.02664715237915516
1768,0.03573843464255333,0.026642397046089172
1769,0.03560894727706909,0.026646072044968605
1770,0.03558201715350151,0.026654062792658806
1771,0.03553557023406029,0.026651909574866295
1772,0.03581630438566208,0.026656847447156906
1773,0.03501071035861969,0.026653237640857697
1774,0.035361915826797485,0.026640618219971657
1775,0.03493044525384903,0.02662123180925846
1776,0.0353081040084362,0.02659756876528263
1777,0.035851843655109406,0.02657540887594223
1778,0.03521363437175751,0.026557957753539085
1779,0.03559257462620735,0.026537427678704262
1780,0.03530535101890564,0.02653527446091175
1781,0.03554626926779747,0.02654944732785225
1782,0.035560451447963715,0.02655864879488945
1783,0.03540764003992081,0.02656581439077854
1784,0.035417623817920685,0.026567090302705765
1785,0.035321466624736786,0.02655605413019657
1786,0.03533622995018959,0.02654724381864071
1787,0.035207271575927734,0.026530414819717407
1788,0.03535344824194908,0.02651047520339489
1789,0.035451292991638184,0.02648872323334217
1790,0.03531511873006821,0.02647021971642971
1791,0.035376038402318954,0.026454372331500053
1792,0.03529004380106926,0.02644328959286213
1793,0.03572738915681839,0.026434389874339104
1794,0.035334471613168716,0.02643275074660778
1795,0.03538690507411957,0.026416422799229622
1796,0.03547341004014015,0.026393447071313858
1797,0.0353001169860363,0.0263634342700243
1798,0.035439133644104004,0.02633695863187313
1799,0.03525197505950928,0.02631753496825695
1800,0.03526795282959938,0.026304949074983597
1801,0.03522815927863121,0.026305191218852997
1802,0.035032667219638824,0.026331068947911263
1803,0.03508250415325165,0.026337312534451485
1804,0.03519035503268242,0.02635076455771923
1805,0.0351082980632782,0.026346663013100624
1806,0.03533051162958145,0.02634713426232338
1807,0.03507246449589729,0.026334207504987717
1808,0.03509339690208435,0.026313943788409233
1809,0.035052549093961716,0.026290548965334892
1810,0.03491318225860596,0.02626919560134411
1811,0.03517070785164833,0.026254497468471527
1812,0.0351671539247036,0.02622988261282444
1813,0.034861113876104355,0.026240186765789986
1814,0.035174038261175156,0.02625212073326111
1815,0.03455662354826927,0.026256602257490158
1816,0.034881189465522766,0.026257457211613655
1817,0.03489401564002037,0.02624242939054966
1818,0.03548198565840721,0.026229336857795715
1819,0.03506601229310036,0.026202231645584106
1820,0.03509142994880676,0.026167169213294983
1821,0.03484879061579704,0.026138367131352425
1822,0.03518969938158989,0.02610146440565586
1823,0.03538338840007782,0.02607506699860096
1824,0.03529106080532074,0.026109768077731133
1825,0.03496692329645157,0.026156451553106308
1826,0.03500654548406601,0.0262022502720356
1827,0.03533210605382919,0.02624671906232834
1828,0.03506499528884888,0.026286687701940536
1829,0.03507829084992409,0.026308683678507805
1830,0.03470852971076965,0.02629799209535122
1831,0.03481680527329445,0.02625991962850094
1832,0.0351213738322258,0.026301691308617592
1833,0.035140976309776306,0.026329174637794495
1834,0.03502460569143295,0.026286019012331963
1835,0.035239432007074356,0.026211710646748543
1836,0.035129889845848083,0.026113813742995262
1837,0.03451154753565788,0.026027394458651543
1838,0.035192642360925674,0.025880442932248116
1839,0.035110559314489365,0.025855127722024918
1840,0.034917742013931274,0.025857701897621155
1841,0.03540994971990585,0.025880463421344757
1842,0.0348111093044281,0.025920577347278595
1843,0.035216473042964935,0.025978105142712593
1844,0.03468826785683632,0.026026133447885513
1845,0.03466014564037323,0.026043251156806946
1846,0.0349079966545105,0.026045555248856544
1847,0.03488139063119888,0.026164181530475616
1848,0.034841664135456085,0.026073196902871132
1849,0.03506653010845184,0.026021083816885948
1850,0.03519478440284729,0.025983868166804314
1851,0.035017769783735275,0.025962481275200844
1852,0.034762799739837646,0.025963518768548965
1853,0.034899987280368805,0.02598670683801174
1854,0.034870218485593796,0.0260195042937994
1855,0.035031210631132126,0.02604551985859871
1856,0.03470288962125778,0.026057986542582512
1857,0.03518269583582878,0.026082949712872505
1858,0.035039279609918594,0.02607033960521221
1859,0.03470880538225174,0.026071391999721527
1860,0.03493901342153549,0.02595333941280842
1861,0.03477518633008003,0.025971680879592896
1862,0.03490201756358147,0.025987157598137856
1863,0.035108134150505066,0.02598748169839382
1864,0.034697238355875015,0.025989092886447906
1865,0.03485729172825813,0.025960324332118034
1866,0.034956254065036774,0.026037143543362617
1867,0.0346948504447937,0.02594509720802307
1868,0.034927695989608765,0.025915011763572693
1869,0.03486089035868645,0.025888755917549133
1870,0.034691501408815384,0.02587766759097576
1871,0.03490551933646202,0.02586638741195202
1872,0.03491467982530594,0.025853825733065605
1873,0.03462323546409607,0.025854485109448433
1874,0.034866731613874435,0.025862328708171844
1875,0.034741874784231186,0.025871900841593742
1876,0.034721489995718,0.025882160291075706
1877,0.03455960005521774,0.025895358994603157
1878,0.034880734980106354,0.02589903213083744
1879,0.034228671342134476,0.025889065116643906
1880,0.03470509871840477,0.02587474323809147
1881,0.034683290868997574,0.0258531104773283
1882,0.034781042486429214,0.025835055857896805
1883,0.03449052572250366,0.025820985436439514
1884,0.034642260521650314,0.025813216343522072
1885,0.0345870740711689,0.02580842934548855
1886,0.03462998569011688,0.02580982632935047
1887,0.034497495740652084,0.02573324181139469
1888,0.03458359092473984,0.025743011385202408
1889,0.03475373610854149,0.02574981562793255
1890,0.0344528965651989,0.025746652856469154
1891,0.03489825874567032,0.025740860030055046
1892,0.03462648391723633,0.025705179199576378
1893,0.034551046788692474,0.025682857260107994
1894,0.03431042656302452,0.025665966793894768
1895,0.03496253117918968,0.02574387565255165
1896,0.03475296497344971,0.025726251304149628
1897,0.034582000225782394,0.025711797177791595
1898,0.03442264348268509,0.0257037915289402
1899,0.03452004864811897,0.025702010840177536
1900,0.03487488627433777,0.025715475901961327
1901,0.03459308296442032,0.025729987770318985
1902,0.03491367772221565,0.025731874629855156
1903,0.03466947004199028,0.025723136961460114
1904,0.034956540912389755,0.025711912661790848
1905,0.03460678830742836,0.025694813579320908
1906,0.034436751157045364,0.025691989809274673
1907,0.03464921936392784,0.025680216029286385
1908,0.03469809889793396,0.025661945343017578
1909,0.03445970639586449,0.02565225027501583
1910,0.034638579934835434,0.025646785274147987
1911,0.03431599959731102,0.0256589837372303
1912,0.03439721837639809,0.025665024295449257
1913,0.03454781323671341,0.025659583508968353
1914,0.03432988375425339,0.02565561793744564
1915,0.03462805226445198,0.025652941316366196
1916,0.034614622592926025,0.02563561126589775
1917,0.03456583991646767,0.02556941844522953
1918,0.03475871682167053,0.025710362941026688
1919,0.03435942530632019,0.025686291977763176
1920,0.03429355099797249,0.025249058380723
1921,0.03463176637887955,0.025247596204280853
1922,0.034751132130622864,0.02524206042289734
1923,0.034943483769893646,0.025135841220617294
1924,0.03473950922489166,0.02504533901810646
1925,0.03488535061478615,0.024919418618083
1926,0.03470941260457039,0.02486303821206093
1927,0.03493919223546982,0.02481384016573429
1928,0.034968823194503784,0.024793241173028946
1929,0.03484173119068146,0.02489694207906723
1930,0.03477787226438522,0.0249974075704813
1931,0.03451002761721611,0.025127172470092773
1932,0.03459766507148743,0.02581947296857834
1933,0.03523769602179527,0.02682609297335148
1934,0.03583323210477829,0.027424560859799385
1935,0.03649346902966499,0.027721168473362923
1936,0.03625940531492233,0.02755458652973175
1937,0.03662104904651642,0.027111057192087173
1938,0.03693978115916252,0.026758555322885513
1939,0.03698304668068886,0.02662167325615883
1940,0.037122175097465515,0.026635760441422462
1941,0.03706219792366028,0.026735762134194374
1942,0.03714048117399216,0.026927081868052483
1943,0.0373292975127697,0.027136631309986115
1944,0.036674972623586655,0.027237549424171448
1945,0.03684358298778534,0.02725004218518734
1946,0.03694334626197815,0.027208812534809113
1947,0.036811280995607376,0.027081305161118507
1948,0.03686222806572914,0.026894140988588333
1949,0.03639502823352814,0.026688003912568092
1950,0.03672931343317032,0.0265042781829834
1951,0.03629208728671074,0.026378149166703224
1952,0.035683803260326385,0.026330016553401947
1953,0.03564108535647392,0.026330603286623955
1954,0.03598418086767197,0.026349512860178947
1955,0.03567895293235779,0.026354851201176643
1956,0.03540569543838501,0.026349592953920364
1957,0.03535107150673866,0.02633080631494522
1958,0.035217925906181335,0.02627122588455677
1959,0.03522816300392151,0.026256496086716652
1960,0.035336390137672424,0.026238974183797836
1961,0.03517793118953705,0.0262600090354681
1962,0.03535936400294304,0.02631097286939621
1963,0.03505938500165939,0.02636829763650894
1964,0.035087645053863525,0.026421770453453064
1965,0.03490114584565163,0.026458578184247017
1966,0.035190317779779434,0.026478910818696022
1967,0.034814365208148956,0.02647159807384014
1968,0.03508782759308815,0.026435108855366707
1969,0.035137563943862915,0.02636709250509739
1970,0.03508290648460388,0.02657194621860981
1971,0.03498738259077072,0.026349758729338646
1972,0.03474149852991104,0.026229795068502426
1973,0.03511259704828262,0.026204701513051987
1974,0.03488219156861305,0.026377765461802483
1975,0.034887682646512985,0.02635565772652626
1976,0.034630704671144485,0.02634384110569954
1977,0.034817177802324295,0.026292862370610237
1978,0.034477587789297104,0.026199081912636757
1979,0.03461466357111931,0.02608165703713894
1980,0.035223156213760376,0.025944210588932037
1981,0.03480423614382744,0.025818103924393654
1982,0.03522150591015816,0.025738857686519623
1983,0.03535166010260582,0.02599439211189747
1984,0.0352480411529541,0.02594744600355625
1985,0.035530708730220795,0.02615170367062092
1986,0.03516843169927597,0.02604725956916809
1987,0.03521369397640228,0.025925345718860626
1988,0.03515999764204025,0.025746893137693405
1989,0.03525044023990631,0.025596456602215767
1990,0.035162847489118576,0.025493161752820015
1991,0.03562010079622269,0.025408491492271423
1992,0.035287946462631226,0.025321194902062416
1993,0.03498006612062454,0.025246575474739075
1994,0.035036858171224594,0.025198133662343025
1995,0.03512032330036163,0.025197455659508705
1996,0.035135190933942795,0.025248192250728607
1997,0.034819722175598145,0.025342890992760658
1998,0.034583985805511475,0.025391900911927223
1999,0.035338886082172394,0.025467606261372566
